<?xml version="1.0" encoding="UTF-8"?>
<!-- Generated by org.testng.reporters.JUnitReportReporter -->
<testsuite hostname="DESKTOP-54ESU9B" failures="0" tests="4" name="Tests.Assignment1_Test" time="27.725" errors="0" timestamp="2020-01-03T13:07:26 IST" skipped="0">
  <testcase classname="Tests.Assignment1_Test" name="SearchProductInAmazonTest" time="18.983"/>
  <testcase classname="Tests.Assignment1_Test" name="NavigateToFlipkart" time="5.119"/>
  <testcase classname="Tests.Assignment1_Test" name="SearchProductTestInFlipCartTest" time="3.619"/>
  <testcase classname="Tests.Assignment1_Test" name="CompareBothPrices" time="0.004"/>
</testsuite> <!-- Tests.Assignment1_Test -->
