<?xml version="1.0" encoding="UTF-8"?>
<!-- Generated by org.testng.reporters.JUnitReportReporter -->
<testsuite hostname="DESKTOP-VC0C0A9" failures="0" tests="4" name="Tests.Assignment1_Test" time="12.262" errors="0" timestamp="2020-01-23T14:34:08 IST" skipped="0">
  <testcase classname="Tests.Assignment1_Test" name="SearchProductInAmazonTest" time="6.870"/>
  <testcase classname="Tests.Assignment1_Test" name="NavigateToFlipkart" time="1.926"/>
  <testcase classname="Tests.Assignment1_Test" name="SearchProductTestInFlipCartTest" time="3.465"/>
  <testcase classname="Tests.Assignment1_Test" name="CompareBothPrices" time="0.001"/>
</testsuite> <!-- Tests.Assignment1_Test -->
