<?xml version="1.0" encoding="UTF-8"?>
<!-- Generated by org.testng.reporters.JUnitReportReporter -->
<testsuite hostname="DESKTOP-54ESU9B" failures="0" tests="5" name="Tests.Assignment2_Test" time="71.054" errors="0" timestamp="2020-01-03T13:07:26 IST" skipped="0">
  <testcase classname="Tests.Assignment2_Test" name="SearchTheLocation" time="10.098"/>
  <testcase classname="Tests.Assignment2_Test" name="ClickOnReviewTest" time="12.139"/>
  <testcase classname="Tests.Assignment2_Test" name="MouseOverBubblesTest" time="14.790"/>
  <testcase classname="Tests.Assignment2_Test" name="HotelServiceratingTest" time="9.211"/>
  <testcase classname="Tests.Assignment2_Test" name="FillReviewDetailsTest" time="24.816"/>
</testsuite> <!-- Tests.Assignment2_Test -->
